# JRE version: OpenJDK Runtime Environment (17.0.10) (build 17.0.10+0--11572160)
# Java VM: OpenJDK 64-Bit Server VM (17.0.10+0--11572160, mixed mode, tiered, compressed oops, compressed class ptrs, g1 gc, windows-amd64)
GC Precious Log:
 CPUs: 4 total, 4 available
 Memory: 8097M
 Large Page Support: Disabled
 NUMA Support: Disabled
 Compressed Oops: Enabled (32-bit)
 Heap Region Size: 1M
 Heap Min Capacity: 8M
 Heap Initial Capacity: 128M
 Heap Max Capacity: 2G
 Pre-touch: Disabled
 Parallel Workers: 4
 Concurrent Workers: 1
 Concurrent Refinement Workers: 4
 Periodic GC: Disabled
Heap:
 garbage-first heap   total 342016K, used 170570K [0x0000000080000000, 0x0000000100000000)
  region size 1024K, 3 young (3072K), 1 survivors (1024K)
 Metaspace       used 150114K, committed 151168K, reserved 1245184K
  class space    used 19955K, committed 20416K, reserved 1048576K
GC Heap History (20 events):
Event: 46.917 GC heap before
{Heap before GC invocations=55 (full 0):
 garbage-first heap   total 342016K, used 291044K [0x0000000080000000, 0x0000000100000000)
  region size 1024K, 160 young (163840K), 13 survivors (13312K)
 Metaspace       used 130739K, committed 131648K, reserved 1179648K
  class space    used 17764K, committed 18240K, reserved 1048576K
}
Event: 46.937 GC heap after
{Heap after GC invocations=56 (full 0):
 garbage-first heap   total 342016K, used 135662K [0x0000000080000000, 0x0000000100000000)
  region size 1024K, 9 young (9216K), 9 survivors (9216K)
 Metaspace       used 130739K, committed 131648K, reserved 1179648K
  class space    used 17764K, committed 18240K, reserved 1048576K
}
Event: 49.141 GC heap before
{Heap before GC invocations=56 (full 0):
 garbage-first heap   total 342016K, used 290286K [0x0000000080000000, 0x0000000100000000)
  region size 1024K, 153 young (156672K), 9 survivors (9216K)
 Metaspace       used 135458K, committed 136384K, reserved 1179648K
  class space    used 18404K, committed 18880K, reserved 1048576K
}
Event: 49.148 GC heap after
{Heap after GC invocations=57 (full 0):
 garbage-first heap   total 342016K, used 129478K [0x0000000080000000, 0x0000000100000000)
  region size 1024K, 3 young (3072K), 3 survivors (3072K)
 Metaspace       used 135458K, committed 136384K, reserved 1179648K
  class space    used 18404K, committed 18880K, reserved 1048576K
}
Event: 54.608 GC heap before
{Heap before GC invocations=57 (full 0):
 garbage-first heap   total 342016K, used 312774K [0x0000000080000000, 0x0000000100000000)
  region size 1024K, 156 young (159744K), 3 survivors (3072K)
 Metaspace       used 141711K, committed 142656K, reserved 1179648K
  class space    used 19143K, committed 19584K, reserved 1048576K
}
Event: 54.628 GC heap after
{Heap after GC invocations=58 (full 0):
 garbage-first heap   total 342016K, used 166860K [0x0000000080000000, 0x0000000100000000)
  region size 1024K, 13 young (13312K), 13 survivors (13312K)
 Metaspace       used 141711K, committed 142656K, reserved 1179648K
  class space    used 19143K, committed 19584K, reserved 1048576K
}
Event: 54.900 GC heap before
{Heap before GC invocations=58 (full 0):
 garbage-first heap   total 342016K, used 217036K [0x0000000080000000, 0x0000000100000000)
  region size 1024K, 30 young (30720K), 13 survivors (13312K)
 Metaspace       used 141902K, committed 142912K, reserved 1179648K
  class space    used 19172K, committed 19648K, reserved 1048576K
}
Event: 54.919 GC heap after
{Heap after GC invocations=59 (full 0):
 garbage-first heap   total 342016K, used 147056K [0x0000000080000000, 0x0000000100000000)
  region size 1024K, 2 young (2048K), 2 survivors (2048K)
 Metaspace       used 141902K, committed 142912K, reserved 1179648K
  class space    used 19172K, committed 19648K, reserved 1048576K
}
Event: 56.126 GC heap before
{Heap before GC invocations=59 (full 0):
 garbage-first heap   total 342016K, used 301680K [0x0000000080000000, 0x0000000100000000)
  region size 1024K, 138 young (141312K), 2 survivors (2048K)
 Metaspace       used 142535K, committed 143488K, reserved 1179648K
  class space    used 19247K, committed 19712K, reserved 1048576K
}
Event: 56.131 GC heap after
{Heap after GC invocations=60 (full 0):
 garbage-first heap   total 342016K, used 138159K [0x0000000080000000, 0x0000000100000000)
  region size 1024K, 2 young (2048K), 2 survivors (2048K)
 Metaspace       used 142535K, committed 143488K, reserved 1179648K
  class space    used 19247K, committed 19712K, reserved 1048576K
}
Event: 58.937 GC heap before
{Heap before GC invocations=60 (full 0):
 garbage-first heap   total 342016K, used 289711K [0x0000000080000000, 0x0000000100000000)
  region size 1024K, 149 young (152576K), 2 survivors (2048K)
 Metaspace       used 142793K, committed 143680K, reserved 1179648K
  class space    used 19273K, committed 19712K, reserved 1048576K
}
Event: 58.946 GC heap after
{Heap after GC invocations=61 (full 0):
 garbage-first heap   total 342016K, used 143954K [0x0000000080000000, 0x0000000100000000)
  region size 1024K, 5 young (5120K), 5 survivors (5120K)
 Metaspace       used 142793K, committed 143680K, reserved 1179648K
  class space    used 19273K, committed 19712K, reserved 1048576K
}
Event: 683.038 GC heap before
{Heap before GC invocations=61 (full 0):
 garbage-first heap   total 342016K, used 293458K [0x0000000080000000, 0x0000000100000000)
  region size 1024K, 148 young (151552K), 5 survivors (5120K)
 Metaspace       used 149621K, committed 150592K, reserved 1179648K
  class space    used 19919K, committed 20352K, reserved 1048576K
}
Event: 683.057 GC heap after
{Heap after GC invocations=62 (full 0):
 garbage-first heap   total 342016K, used 146381K [0x0000000080000000, 0x0000000100000000)
  region size 1024K, 10 young (10240K), 10 survivors (10240K)
 Metaspace       used 149621K, committed 150592K, reserved 1179648K
  class space    used 19919K, committed 20352K, reserved 1048576K
}
Event: 692.178 GC heap before
{Heap before GC invocations=62 (full 0):
 garbage-first heap   total 342016K, used 306125K [0x0000000080000000, 0x0000000100000000)
  region size 1024K, 139 young (142336K), 10 survivors (10240K)
 Metaspace       used 150134K, committed 151168K, reserved 1245184K
  class space    used 19961K, committed 20416K, reserved 1048576K
}
Event: 692.218 GC heap after
{Heap after GC invocations=63 (full 0):
 garbage-first heap   total 342016K, used 160137K [0x0000000080000000, 0x0000000100000000)
  region size 1024K, 19 young (19456K), 19 survivors (19456K)
 Metaspace       used 150134K, committed 151168K, reserved 1245184K
  class space    used 19961K, committed 20416K, reserved 1048576K
}
Event: 692.288 GC heap before
{Heap before GC invocations=63 (full 0):
 garbage-first heap   total 342016K, used 192905K [0x0000000080000000, 0x0000000100000000)
  region size 1024K, 20 young (20480K), 19 survivors (19456K)
 Metaspace       used 150134K, committed 151168K, reserved 1245184K
  class space    used 19961K, committed 20416K, reserved 1048576K
}
Event: 692.327 GC heap after
{Heap after GC invocations=64 (full 0):
 garbage-first heap   total 342016K, used 163323K [0x0000000080000000, 0x0000000100000000)
  region size 1024K, 2 young (2048K), 2 survivors (2048K)
 Metaspace       used 150134K, committed 151168K, reserved 1245184K
  class space    used 19961K, committed 20416K, reserved 1048576K
}
Event: 692.350 GC heap before
{Heap before GC invocations=64 (full 0):
 garbage-first heap   total 342016K, used 169467K [0x0000000080000000, 0x0000000100000000)
  region size 1024K, 3 young (3072K), 2 survivors (2048K)
 Metaspace       used 150134K, committed 151168K, reserved 1245184K
  class space    used 19961K, committed 20416K, reserved 1048576K
}
Event: 692.353 GC heap after
{Heap after GC invocations=65 (full 0):
 garbage-first heap   total 342016K, used 162378K [0x0000000080000000, 0x0000000100000000)
  region size 1024K, 1 young (1024K), 1 survivors (1024K)
 Metaspace       used 150134K, committed 151168K, reserved 1245184K
  class space    used 19961K, committed 20416K, reserved 1048576K
}

